GAS LISTING C:\Users\lsw\AppData\Local\Temp\ccCgNMtC.s 			page 1


   1              		.file	"sgl_ascii_consolas24.c"
   2              		.text
   3              	.Ltext0:
   4              		.cfi_sections	.debug_frame
   5              		.file 0 "C:/Users/lsw/Desktop/sgl-lite/demo" "../source/sgl_ascii_consolas24.c"
   6              		.globl	consolas24
   7              		.section	.rdata$consolas24,"dr"
   8              		.align 32
   9              	consolas24:
  10 0000 00000000 		.quad	glyph_bitmap
  10      00000000 
  11 0008 00000000 		.quad	consolas24_tab
  11      00000000 
  12 0010 6300     		.word	99
  13 0012 1800     		.word	24
  14 0014 00000000 		.space 4
  15 0018 00000000 		.quad	consolas24_unicode
  15      00000000 
  16 0020 02000000 		.long	2
  17 0024 0500     		.word	5
  18 0026 04       		.byte	4
  19 0027 00       		.space 1
  20 0028 00000000 		.section	.rdata$consolas24_unicode,"dr"
  20      00000000 
  20      00000000 
  20      00000000 
  20      00000000 
  21              		.align 32
  22              	consolas24_unicode:
  23 0000 20000000 		.long	32
  24 0004 60000000 		.long	96
  25 0008 00000000 		.quad	0
  25      00000000 
  26 0010 01000000 		.long	1
  27 0014 00000000 		.space 4
  28 0018 2D4E0000 		.long	20013
  29 001c 02000000 		.long	2
  30 0020 00000000 		.quad	unicode_list_1
  30      00000000 
  31 0028 61000000 		.long	97
  32 002c 00000000 		.space 4
  33 0030 00000000 		.section	.rdata$unicode_list_1,"dr"
  33      00000000 
  33      00000000 
  33      00000000 
  34              		.align 8
  35              	unicode_list_1:
  36 0000 00000000 		.long	0
  37 0004 5A170000 		.long	5978
  38 0008 00000000 		.section	.rdata$consolas24_tab,"dr"
  38      00000000 
  39              		.align 32
  40              	consolas24_tab:
  41 0000 0000     		.word	0
  42 0002 0000     		.word	0
  43 0004 00       		.byte	0
  44 0005 00       		.byte	0
GAS LISTING C:\Users\lsw\AppData\Local\Temp\ccCgNMtC.s 			page 2


  45 0006 00       		.byte	0
  46 0007 00       		.byte	0
  47 0008 0000     		.word	0
  48 000a C200     		.word	194
  49 000c 00       		.byte	0
  50 000d 00       		.byte	0
  51 000e 00       		.byte	0
  52 000f 00       		.byte	0
  53 0010 0000     		.word	0
  54 0012 C200     		.word	194
  55 0014 0F       		.byte	15
  56 0015 04       		.byte	4
  57 0016 04       		.byte	4
  58 0017 00       		.byte	0
  59 0018 1E00     		.word	30
  60 001a C200     		.word	194
  61 001c 06       		.byte	6
  62 001d 08       		.byte	8
  63 001e 02       		.byte	2
  64 001f 09       		.byte	9
  65 0020 3600     		.word	54
  66 0022 C200     		.word	194
  67 0024 0E       		.byte	14
  68 0025 0C       		.byte	12
  69 0026 00       		.byte	0
  70 0027 00       		.byte	0
  71 0028 8A00     		.word	138
  72 002a C200     		.word	194
  73 002c 13       		.byte	19
  74 002d 0A       		.byte	10
  75 002e 01       		.byte	1
  76 002f FD       		.byte	-3
  77 0030 E900     		.word	233
  78 0032 C200     		.word	194
  79 0034 0F       		.byte	15
  80 0035 0C       		.byte	12
  81 0036 00       		.byte	0
  82 0037 00       		.byte	0
  83 0038 4301     		.word	323
  84 003a C200     		.word	194
  85 003c 0F       		.byte	15
  86 003d 0D       		.byte	13
  87 003e 00       		.byte	0
  88 003f 00       		.byte	0
  89 0040 A501     		.word	421
  90 0042 C200     		.word	194
  91 0044 06       		.byte	6
  92 0045 04       		.byte	4
  93 0046 04       		.byte	4
  94 0047 09       		.byte	9
  95 0048 B101     		.word	433
  96 004a C200     		.word	194
  97 004c 16       		.byte	22
  98 004d 07       		.byte	7
  99 004e 03       		.byte	3
 100 004f FB       		.byte	-5
 101 0050 FE01     		.word	510
GAS LISTING C:\Users\lsw\AppData\Local\Temp\ccCgNMtC.s 			page 3


 102 0052 C200     		.word	194
 103 0054 16       		.byte	22
 104 0055 07       		.byte	7
 105 0056 02       		.byte	2
 106 0057 FB       		.byte	-5
 107 0058 4B02     		.word	587
 108 005a C200     		.word	194
 109 005c 0A       		.byte	10
 110 005d 0A       		.byte	10
 111 005e 01       		.byte	1
 112 005f 05       		.byte	5
 113 0060 7D02     		.word	637
 114 0062 C200     		.word	194
 115 0064 0B       		.byte	11
 116 0065 0C       		.byte	12
 117 0066 00       		.byte	0
 118 0067 00       		.byte	0
 119 0068 BF02     		.word	703
 120 006a C200     		.word	194
 121 006c 08       		.byte	8
 122 006d 06       		.byte	6
 123 006e 02       		.byte	2
 124 006f FC       		.byte	-4
 125 0070 D702     		.word	727
 126 0072 C200     		.word	194
 127 0074 02       		.byte	2
 128 0075 08       		.byte	8
 129 0076 02       		.byte	2
 130 0077 05       		.byte	5
 131 0078 DF02     		.word	735
 132 007a C200     		.word	194
 133 007c 04       		.byte	4
 134 007d 04       		.byte	4
 135 007e 04       		.byte	4
 136 007f 00       		.byte	0
 137 0080 E702     		.word	743
 138 0082 C200     		.word	194
 139 0084 0F       		.byte	15
 140 0085 0C       		.byte	12
 141 0086 00       		.byte	0
 142 0087 00       		.byte	0
 143 0088 4103     		.word	833
 144 008a C200     		.word	194
 145 008c 0E       		.byte	14
 146 008d 0C       		.byte	12
 147 008e 00       		.byte	0
 148 008f 00       		.byte	0
 149 0090 9503     		.word	917
 150 0092 C200     		.word	194
 151 0094 0E       		.byte	14
 152 0095 0A       		.byte	10
 153 0096 01       		.byte	1
 154 0097 00       		.byte	0
 155 0098 DB03     		.word	987
 156 009a C200     		.word	194
 157 009c 0E       		.byte	14
 158 009d 0A       		.byte	10
GAS LISTING C:\Users\lsw\AppData\Local\Temp\ccCgNMtC.s 			page 4


 159 009e 01       		.byte	1
 160 009f 00       		.byte	0
 161 00a0 2104     		.word	1057
 162 00a2 C200     		.word	194
 163 00a4 0E       		.byte	14
 164 00a5 0A       		.byte	10
 165 00a6 01       		.byte	1
 166 00a7 00       		.byte	0
 167 00a8 6704     		.word	1127
 168 00aa C200     		.word	194
 169 00ac 0E       		.byte	14
 170 00ad 0C       		.byte	12
 171 00ae 00       		.byte	0
 172 00af 00       		.byte	0
 173 00b0 BB04     		.word	1211
 174 00b2 C200     		.word	194
 175 00b4 0E       		.byte	14
 176 00b5 0A       		.byte	10
 177 00b6 01       		.byte	1
 178 00b7 00       		.byte	0
 179 00b8 0105     		.word	1281
 180 00ba C200     		.word	194
 181 00bc 0E       		.byte	14
 182 00bd 0A       		.byte	10
 183 00be 01       		.byte	1
 184 00bf 00       		.byte	0
 185 00c0 4705     		.word	1351
 186 00c2 C200     		.word	194
 187 00c4 0E       		.byte	14
 188 00c5 0A       		.byte	10
 189 00c6 01       		.byte	1
 190 00c7 00       		.byte	0
 191 00c8 8D05     		.word	1421
 192 00ca C200     		.word	194
 193 00cc 0E       		.byte	14
 194 00cd 0A       		.byte	10
 195 00ce 01       		.byte	1
 196 00cf 00       		.byte	0
 197 00d0 D305     		.word	1491
 198 00d2 C200     		.word	194
 199 00d4 0E       		.byte	14
 200 00d5 0A       		.byte	10
 201 00d6 01       		.byte	1
 202 00d7 00       		.byte	0
 203 00d8 1906     		.word	1561
 204 00da C200     		.word	194
 205 00dc 0B       		.byte	11
 206 00dd 04       		.byte	4
 207 00de 04       		.byte	4
 208 00df 00       		.byte	0
 209 00e0 2F06     		.word	1583
 210 00e2 C200     		.word	194
 211 00e4 0F       		.byte	15
 212 00e5 06       		.byte	6
 213 00e6 02       		.byte	2
 214 00e7 FC       		.byte	-4
 215 00e8 5C06     		.word	1628
GAS LISTING C:\Users\lsw\AppData\Local\Temp\ccCgNMtC.s 			page 5


 216 00ea C200     		.word	194
 217 00ec 0D       		.byte	13
 218 00ed 09       		.byte	9
 219 00ee 01       		.byte	1
 220 00ef FF       		.byte	-1
 221 00f0 9706     		.word	1687
 222 00f2 C200     		.word	194
 223 00f4 06       		.byte	6
 224 00f5 0A       		.byte	10
 225 00f6 01       		.byte	1
 226 00f7 03       		.byte	3
 227 00f8 B506     		.word	1717
 228 00fa C200     		.word	194
 229 00fc 0D       		.byte	13
 230 00fd 09       		.byte	9
 231 00fe 02       		.byte	2
 232 00ff FF       		.byte	-1
 233 0100 F006     		.word	1776
 234 0102 C200     		.word	194
 235 0104 0F       		.byte	15
 236 0105 07       		.byte	7
 237 0106 03       		.byte	3
 238 0107 00       		.byte	0
 239 0108 2507     		.word	1829
 240 010a C200     		.word	194
 241 010c 13       		.byte	19
 242 010d 0C       		.byte	12
 243 010e 00       		.byte	0
 244 010f FC       		.byte	-4
 245 0110 9707     		.word	1943
 246 0112 C200     		.word	194
 247 0114 0E       		.byte	14
 248 0115 0C       		.byte	12
 249 0116 00       		.byte	0
 250 0117 00       		.byte	0
 251 0118 EB07     		.word	2027
 252 011a C200     		.word	194
 253 011c 0E       		.byte	14
 254 011d 0A       		.byte	10
 255 011e 01       		.byte	1
 256 011f 00       		.byte	0
 257 0120 3108     		.word	2097
 258 0122 C200     		.word	194
 259 0124 0E       		.byte	14
 260 0125 0B       		.byte	11
 261 0126 00       		.byte	0
 262 0127 00       		.byte	0
 263 0128 7E08     		.word	2174
 264 012a C200     		.word	194
 265 012c 0E       		.byte	14
 266 012d 0B       		.byte	11
 267 012e 01       		.byte	1
 268 012f 00       		.byte	0
 269 0130 CB08     		.word	2251
 270 0132 C200     		.word	194
 271 0134 0E       		.byte	14
 272 0135 09       		.byte	9
GAS LISTING C:\Users\lsw\AppData\Local\Temp\ccCgNMtC.s 			page 6


 273 0136 02       		.byte	2
 274 0137 00       		.byte	0
 275 0138 0A09     		.word	2314
 276 013a C200     		.word	194
 277 013c 0E       		.byte	14
 278 013d 09       		.byte	9
 279 013e 02       		.byte	2
 280 013f 00       		.byte	0
 281 0140 4909     		.word	2377
 282 0142 C200     		.word	194
 283 0144 0E       		.byte	14
 284 0145 0B       		.byte	11
 285 0146 00       		.byte	0
 286 0147 00       		.byte	0
 287 0148 9609     		.word	2454
 288 014a C200     		.word	194
 289 014c 0E       		.byte	14
 290 014d 0A       		.byte	10
 291 014e 01       		.byte	1
 292 014f 00       		.byte	0
 293 0150 DC09     		.word	2524
 294 0152 C200     		.word	194
 295 0154 0E       		.byte	14
 296 0155 0A       		.byte	10
 297 0156 01       		.byte	1
 298 0157 00       		.byte	0
 299 0158 220A     		.word	2594
 300 015a C200     		.word	194
 301 015c 0E       		.byte	14
 302 015d 09       		.byte	9
 303 015e 01       		.byte	1
 304 015f 00       		.byte	0
 305 0160 610A     		.word	2657
 306 0162 C200     		.word	194
 307 0164 0E       		.byte	14
 308 0165 0B       		.byte	11
 309 0166 01       		.byte	1
 310 0167 00       		.byte	0
 311 0168 AE0A     		.word	2734
 312 016a C200     		.word	194
 313 016c 0E       		.byte	14
 314 016d 09       		.byte	9
 315 016e 02       		.byte	2
 316 016f 00       		.byte	0
 317 0170 ED0A     		.word	2797
 318 0172 C200     		.word	194
 319 0174 0E       		.byte	14
 320 0175 0C       		.byte	12
 321 0176 00       		.byte	0
 322 0177 00       		.byte	0
 323 0178 410B     		.word	2881
 324 017a C200     		.word	194
 325 017c 0E       		.byte	14
 326 017d 0A       		.byte	10
 327 017e 01       		.byte	1
 328 017f 00       		.byte	0
 329 0180 870B     		.word	2951
GAS LISTING C:\Users\lsw\AppData\Local\Temp\ccCgNMtC.s 			page 7


 330 0182 C200     		.word	194
 331 0184 0E       		.byte	14
 332 0185 0C       		.byte	12
 333 0186 00       		.byte	0
 334 0187 00       		.byte	0
 335 0188 DB0B     		.word	3035
 336 018a C200     		.word	194
 337 018c 0E       		.byte	14
 338 018d 0A       		.byte	10
 339 018e 01       		.byte	1
 340 018f 00       		.byte	0
 341 0190 210C     		.word	3105
 342 0192 C200     		.word	194
 343 0194 12       		.byte	18
 344 0195 0D       		.byte	13
 345 0196 00       		.byte	0
 346 0197 FC       		.byte	-4
 347 0198 960C     		.word	3222
 348 019a C200     		.word	194
 349 019c 0E       		.byte	14
 350 019d 0B       		.byte	11
 351 019e 01       		.byte	1
 352 019f 00       		.byte	0
 353 01a0 E30C     		.word	3299
 354 01a2 C200     		.word	194
 355 01a4 0E       		.byte	14
 356 01a5 0A       		.byte	10
 357 01a6 01       		.byte	1
 358 01a7 00       		.byte	0
 359 01a8 290D     		.word	3369
 360 01aa C200     		.word	194
 361 01ac 0E       		.byte	14
 362 01ad 0C       		.byte	12
 363 01ae 00       		.byte	0
 364 01af 00       		.byte	0
 365 01b0 7D0D     		.word	3453
 366 01b2 C200     		.word	194
 367 01b4 0E       		.byte	14
 368 01b5 0A       		.byte	10
 369 01b6 01       		.byte	1
 370 01b7 00       		.byte	0
 371 01b8 C30D     		.word	3523
 372 01ba C200     		.word	194
 373 01bc 0E       		.byte	14
 374 01bd 0D       		.byte	13
 375 01be 00       		.byte	0
 376 01bf 00       		.byte	0
 377 01c0 1E0E     		.word	3614
 378 01c2 C200     		.word	194
 379 01c4 0E       		.byte	14
 380 01c5 0C       		.byte	12
 381 01c6 00       		.byte	0
 382 01c7 00       		.byte	0
 383 01c8 720E     		.word	3698
 384 01ca C200     		.word	194
 385 01cc 0E       		.byte	14
 386 01cd 0C       		.byte	12
GAS LISTING C:\Users\lsw\AppData\Local\Temp\ccCgNMtC.s 			page 8


 387 01ce 00       		.byte	0
 388 01cf 00       		.byte	0
 389 01d0 C60E     		.word	3782
 390 01d2 C200     		.word	194
 391 01d4 0E       		.byte	14
 392 01d5 0D       		.byte	13
 393 01d6 00       		.byte	0
 394 01d7 00       		.byte	0
 395 01d8 210F     		.word	3873
 396 01da C200     		.word	194
 397 01dc 0E       		.byte	14
 398 01dd 0A       		.byte	10
 399 01de 01       		.byte	1
 400 01df 00       		.byte	0
 401 01e0 670F     		.word	3943
 402 01e2 C200     		.word	194
 403 01e4 13       		.byte	19
 404 01e5 06       		.byte	6
 405 01e6 03       		.byte	3
 406 01e7 FC       		.byte	-4
 407 01e8 A00F     		.word	4000
 408 01ea C200     		.word	194
 409 01ec 12       		.byte	18
 410 01ed 0A       		.byte	10
 411 01ee 01       		.byte	1
 412 01ef FD       		.byte	-3
 413 01f0 FA0F     		.word	4090
 414 01f2 C200     		.word	194
 415 01f4 13       		.byte	19
 416 01f5 06       		.byte	6
 417 01f6 03       		.byte	3
 418 01f7 FC       		.byte	-4
 419 01f8 3310     		.word	4147
 420 01fa C200     		.word	194
 421 01fc 07       		.byte	7
 422 01fd 0A       		.byte	10
 423 01fe 01       		.byte	1
 424 01ff 07       		.byte	7
 425 0200 5610     		.word	4182
 426 0202 C200     		.word	194
 427 0204 02       		.byte	2
 428 0205 0D       		.byte	13
 429 0206 00       		.byte	0
 430 0207 FC       		.byte	-4
 431 0208 6310     		.word	4195
 432 020a 5A00     		.word	90
 433 020c 06       		.byte	6
 434 020d 03       		.byte	3
 435 020e 01       		.byte	1
 436 020f 0C       		.byte	12
 437 0210 6C10     		.word	4204
 438 0212 C200     		.word	194
 439 0214 0B       		.byte	11
 440 0215 0A       		.byte	10
 441 0216 01       		.byte	1
 442 0217 00       		.byte	0
 443 0218 A310     		.word	4259
GAS LISTING C:\Users\lsw\AppData\Local\Temp\ccCgNMtC.s 			page 9


 444 021a C200     		.word	194
 445 021c 0F       		.byte	15
 446 021d 0A       		.byte	10
 447 021e 01       		.byte	1
 448 021f 00       		.byte	0
 449 0220 EE10     		.word	4334
 450 0222 C200     		.word	194
 451 0224 0B       		.byte	11
 452 0225 0A       		.byte	10
 453 0226 01       		.byte	1
 454 0227 00       		.byte	0
 455 0228 2511     		.word	4389
 456 022a C200     		.word	194
 457 022c 0F       		.byte	15
 458 022d 0A       		.byte	10
 459 022e 01       		.byte	1
 460 022f 00       		.byte	0
 461 0230 7011     		.word	4464
 462 0232 C200     		.word	194
 463 0234 0B       		.byte	11
 464 0235 0A       		.byte	10
 465 0236 01       		.byte	1
 466 0237 00       		.byte	0
 467 0238 A711     		.word	4519
 468 023a C200     		.word	194
 469 023c 0F       		.byte	15
 470 023d 0C       		.byte	12
 471 023e 00       		.byte	0
 472 023f 00       		.byte	0
 473 0240 0112     		.word	4609
 474 0242 C200     		.word	194
 475 0244 0F       		.byte	15
 476 0245 0B       		.byte	11
 477 0246 01       		.byte	1
 478 0247 FC       		.byte	-4
 479 0248 5412     		.word	4692
 480 024a C200     		.word	194
 481 024c 0F       		.byte	15
 482 024d 0A       		.byte	10
 483 024e 01       		.byte	1
 484 024f 00       		.byte	0
 485 0250 9F12     		.word	4767
 486 0252 C200     		.word	194
 487 0254 0F       		.byte	15
 488 0255 0A       		.byte	10
 489 0256 01       		.byte	1
 490 0257 00       		.byte	0
 491 0258 EA12     		.word	4842
 492 025a C200     		.word	194
 493 025c 13       		.byte	19
 494 025d 09       		.byte	9
 495 025e 01       		.byte	1
 496 025f FC       		.byte	-4
 497 0260 4013     		.word	4928
 498 0262 C200     		.word	194
 499 0264 0F       		.byte	15
 500 0265 0B       		.byte	11
GAS LISTING C:\Users\lsw\AppData\Local\Temp\ccCgNMtC.s 			page 10


 501 0266 01       		.byte	1
 502 0267 00       		.byte	0
 503 0268 9313     		.word	5011
 504 026a C200     		.word	194
 505 026c 0F       		.byte	15
 506 026d 0A       		.byte	10
 507 026e 01       		.byte	1
 508 026f 00       		.byte	0
 509 0270 DE13     		.word	5086
 510 0272 C200     		.word	194
 511 0274 0B       		.byte	11
 512 0275 0C       		.byte	12
 513 0276 00       		.byte	0
 514 0277 00       		.byte	0
 515 0278 2014     		.word	5152
 516 027a C200     		.word	194
 517 027c 0B       		.byte	11
 518 027d 0A       		.byte	10
 519 027e 01       		.byte	1
 520 027f 00       		.byte	0
 521 0280 5714     		.word	5207
 522 0282 C200     		.word	194
 523 0284 0B       		.byte	11
 524 0285 0C       		.byte	12
 525 0286 00       		.byte	0
 526 0287 00       		.byte	0
 527 0288 9914     		.word	5273
 528 028a C200     		.word	194
 529 028c 0F       		.byte	15
 530 028d 0A       		.byte	10
 531 028e 01       		.byte	1
 532 028f FC       		.byte	-4
 533 0290 E414     		.word	5348
 534 0292 C200     		.word	194
 535 0294 10       		.byte	16
 536 0295 0A       		.byte	10
 537 0296 01       		.byte	1
 538 0297 FC       		.byte	-4
 539 0298 3415     		.word	5428
 540 029a C200     		.word	194
 541 029c 0B       		.byte	11
 542 029d 0A       		.byte	10
 543 029e 02       		.byte	2
 544 029f 00       		.byte	0
 545 02a0 6B15     		.word	5483
 546 02a2 C200     		.word	194
 547 02a4 0B       		.byte	11
 548 02a5 0A       		.byte	10
 549 02a6 01       		.byte	1
 550 02a7 00       		.byte	0
 551 02a8 A215     		.word	5538
 552 02aa C200     		.word	194
 553 02ac 0F       		.byte	15
 554 02ad 0B       		.byte	11
 555 02ae 00       		.byte	0
 556 02af 00       		.byte	0
 557 02b0 F515     		.word	5621
GAS LISTING C:\Users\lsw\AppData\Local\Temp\ccCgNMtC.s 			page 11


 558 02b2 C200     		.word	194
 559 02b4 0B       		.byte	11
 560 02b5 0A       		.byte	10
 561 02b6 01       		.byte	1
 562 02b7 00       		.byte	0
 563 02b8 2C16     		.word	5676
 564 02ba C200     		.word	194
 565 02bc 0B       		.byte	11
 566 02bd 0C       		.byte	12
 567 02be 00       		.byte	0
 568 02bf 00       		.byte	0
 569 02c0 6E16     		.word	5742
 570 02c2 C200     		.word	194
 571 02c4 0B       		.byte	11
 572 02c5 0C       		.byte	12
 573 02c6 00       		.byte	0
 574 02c7 00       		.byte	0
 575 02c8 B016     		.word	5808
 576 02ca C200     		.word	194
 577 02cc 0B       		.byte	11
 578 02cd 0C       		.byte	12
 579 02ce 00       		.byte	0
 580 02cf 00       		.byte	0
 581 02d0 F216     		.word	5874
 582 02d2 C200     		.word	194
 583 02d4 0F       		.byte	15
 584 02d5 0C       		.byte	12
 585 02d6 00       		.byte	0
 586 02d7 FC       		.byte	-4
 587 02d8 4C17     		.word	5964
 588 02da C200     		.word	194
 589 02dc 0B       		.byte	11
 590 02dd 0A       		.byte	10
 591 02de 01       		.byte	1
 592 02df 00       		.byte	0
 593 02e0 8317     		.word	6019
 594 02e2 C200     		.word	194
 595 02e4 13       		.byte	19
 596 02e5 09       		.byte	9
 597 02e6 01       		.byte	1
 598 02e7 FC       		.byte	-4
 599 02e8 D917     		.word	6105
 600 02ea C200     		.word	194
 601 02ec 16       		.byte	22
 602 02ed 02       		.byte	2
 603 02ee 05       		.byte	5
 604 02ef FC       		.byte	-4
 605 02f0 EF17     		.word	6127
 606 02f2 C200     		.word	194
 607 02f4 13       		.byte	19
 608 02f5 09       		.byte	9
 609 02f6 02       		.byte	2
 610 02f7 FC       		.byte	-4
 611 02f8 4518     		.word	6213
 612 02fa C200     		.word	194
 613 02fc 05       		.byte	5
 614 02fd 0C       		.byte	12
GAS LISTING C:\Users\lsw\AppData\Local\Temp\ccCgNMtC.s 			page 12


 615 02fe 00       		.byte	0
 616 02ff 04       		.byte	4
 617 0300 6318     		.word	6243
 618 0302 C200     		.word	194
 619 0304 00       		.byte	0
 620 0305 00       		.byte	0
 621 0306 00       		.byte	0
 622 0307 00       		.byte	0
 623 0308 6318     		.word	6243
 624 030a 6001     		.word	352
 625 030c 16       		.byte	22
 626 030d 14       		.byte	20
 627 030e 01       		.byte	1
 628 030f FD       		.byte	-3
 629 0310 3F19     		.word	6463
 630 0312 6001     		.word	352
 631 0314 16       		.byte	22
 632 0315 16       		.byte	22
 633 0316 00       		.byte	0
 634 0317 FD       		.byte	-3
 635 0318 00000000 		.section	.rdata$glyph_bitmap,"dr"
 635      00000000 
 636              		.align 32
 637              	glyph_bitmap:
 638 0000 1FF21FF1 		.ascii "\37\362\37\361\17\361\17\360\17\360\17\360\16\360\16\360\15\340\15\340\7\200\0\0\12\240_\3
 638      0FF10FF0 
 638      0FF00FF0 
 638      0EF00EF0 
 638      0DE00DE0 
 639 00fa 308F007F 		.ascii "0\217\0\177\23\371\0_r\335\15\320\0\13\377\343\217@\0\0#\3\371\0\0\0\0\15\340\0\0\0\0\217@
 639      13F9005F 
 639      72DD0DD0 
 639      000BFFE3 
 639      8F400000 
 640 01dc 300009F6 		.ascii "0\0\11\366\0\0_\240\0\1\377\0\0\11\366\0\0\37\341\0\0\177\240\0\0\277p\0\0\317\20\0\0"
 640      00005FA0 
 640      0001FF00 
 640      0009F600 
 640      001FE100 
 641 01fd 30000000 		.ascii "0\0\0\0\0\226\0\0\14\365\0\0\36\363\0\0?\320\0\0\237p\0\1\376\0\0\13\364\0\0o\200\0\3\373\
 641      00960000 
 641      0CF50000 
 641      1EF30000 
 641      3FD00000 
 642 0268 301FC28A 		.ascii "0\37\302\212\33\361\3\0\233\0"
 642      1BF10300 
 642      9B00
 643 0272 300000AC 		.ascii "0\0\0\254\0\0\0\0\21\0\0\0\0\16\360\0\0\0\0\16\360\0\0\0\0\16\360\0\0\0\0\16\360\0\0\12\25
 643      00000000 
 643      11000000 
 643      000EF000 
 643      0000000E 
 644 02f8 30000000 		.ascii "0\0\0\0\3\371\0\0\0\0\15\320\0\0\0\0\217@\0\0\0\3\371\0\0\0\0\15\340\0\0\0\0\217@\0\0\0\2\
 644      03F90000 
 644      00000DD0 
 644      00000000 
 644      8F400000 
GAS LISTING C:\Users\lsw\AppData\Local\Temp\ccCgNMtC.s 			page 13


 645 048d 300CF200 		.ascii "0\14\362\0\5\370\0\14\362\0\36\320\0\14\362\0\177\312\252\256\372\245\217\377\377\377\377\
 645      05F8000C 
 645      F2001ED0 
 645      000CF200 
 645      7FCAAAAE 
 646 04dd 30000013 		.ascii "0\0\0\23\257\341\0\0\0\14\365\0\0\0\11\366\0\0\0\14\364\0\0\0\217\320\34\252\276\375 \36\3
 646      AFE10000 
 646      000CF500 
 646      000009F6 
 646      0000000C 
 647 050d 3000000D 		.ascii "0\0\0\15\341\0\0\0?\200\0\0\0\177\211\337\352 \237\376\230\317\362\257p\0\10\372\257@\0\1\
 647      E1000000 
 647      3F800000 
 647      007F89DF 
 647      EA209FFE 
 648 05e3 300008F6 		.ascii "0\0\10\366\357\20\0\4\371\317@\0\3\373\177\323\1[\373\12\377\377\375\372\0"
 648      EF100004 
 648      F9CF4000 
 648      03FB7FD3 
 648      015BFB0A 
 649 05fc 377624F8 		.ascii "7v$\370\0\0\0\10\364\0\0\0\36\340\0\0\4\337P\12\253\357\366\0\37\376\307\20\0-\323\217\372
 649      00000008 
 649      F4000000 
 649      1EE00000 
 649      04DF500A 
 650 0620 30000000 		.ascii "0\0\0\0\0\0\0\2 O\365\217\372-\343\0-\323\0\217\372\0O\366\0\2"
 650      00000002 
 650      204FF58F 
 650      FA2DE300 
 650      2DD3008F 
 651 063a 30000000 		.ascii "0\0\0\0\0\0\0\0\0\0\0\7p\0o\370\0?\375\0\12\374\0\11\370\3\217\341_\372\20\24\20\0\0\0\0\1
 651      00000000 
 651      00000007 
 651      70006FF8 
 651      003FFD00 
 652 0688 30000005 		.ascii "0\0\0\5\377P\0\0\3\345\0\0\0\0\0Y\231\231\231\226\237\377\377\377\372\0\0\0\0\0\0\0\0\0\0Y
 652      FF500000 
 652      03E50000 
 652      00000059 
 652      99999996 
 653 06d4 300008FD 		.ascii "0\0\10\375 \0\13\373\20\0-\371\0\0>\366\0\0\4\344\0\0\0\0\0\0\0\0\276\307\20\10\337\376@\0
 653      20000BFB 
 653      10002DF9 
 653      00003EF6 
 653      000004E4 
 654 07a7 30000006 		.ascii "0\0\0\6\367\177\200\0\0\13\362/\320\0\0\37\320\15\363\0\0o\200\10\370\0\0\277 \3\375\0\1\3
 654      F77F8000 
 654      000BF22F 
 654      D000001F 
 654      D00DF300 
 655 07d0 BBEF800B 		.ascii "\273\357\200\13\377\377\377\377\320\37\340\0\0\16\362o\220\0\0\11\367\277@\0\0\4\375O\377\
 655      FFFFFFFF 
 655      D01FE000 
 655      000EF26F 
 655      90000009 
 656 0c30 3001DF80 		.ascii "0\1\337\200\0\277P\0\2\377\0\17\340\0\0\14\363\4\373\0\0\0\257`_\240\0\0\10\367\6\372\0\0\
 656      00BF5000 
GAS LISTING C:\Users\lsw\AppData\Local\Temp\ccCgNMtC.s 			page 14


 656      02FF000F 
 656      E000000C 
 656      F304FB00 
 657 0c61 300FF200 		.ascii "0\17\362\0\0\37\340\0\237\240\0\12\370\0\1\357\306k\375\0\0\2\317\377\372\20\0\0\0.\341\0\
 657      001FE000 
 657      9FA0000A 
 657      F80001EF 
 657      C66BFD00 
 658 0cab 302FB000 		.ascii "0/\260\0\16\361\2\373\0+\371\0/\377\377\370\0\2\376\213\374\20\0/\260\7\372\0\2\373\0\16\3
 658      0EF102FB 
 658      002BF900 
 658      2FFFFFF8 
 658      0002FE8B 
 659 0e00 31FC0000 		.ascii "1\374\0\0\0\7\370_p\0\0\0/\332\362\0\0\0\0\317\374\0\0\0\0\7\377p\0\0\177@\0\0\2\371oP\0\0
 659      0007F85F 
 659      70000000 
 659      2FDAF200 
 659      000000CF 
 660 0e39 3005F42F 		.ascii "0\5\364/\220\15\340\6\363\37\240?\364\7\362\17\260\216\372\10\361\16\300\332\277\11\360\15
 660      900DE006 
 660      F31FA03F 
 660      F407F20F 
 660      B08EFA08 
 661 0eb9 300DF700 		.ascii "0\15\367\0\0\177\320\177\320\0\0\15\370\277\220\0\0\5\374\2\377 \0\0\337"
 661      007FD07F 
 661      D000000D 
 661      F8BF9000 
 661      0005FC02 
 662 0ed2 3009FA00 		.ascii "0\11\372\0\0o\240\0\36\363\0\16\362\0\0\177\300\7\370\0\0\0\337A\376\20\0\0\5\374\217`\0\0
 662      006FA000 
 662      1EF3000E 
 662      F200007F 
 662      C007F800 
 663 0fa0 1FB00000 		.ascii "\37\260\0\0\0\12\362\0\0\0\3\370\0\0\0\0\316\0\0\0\0o`\0\0\0\16\320\0\0\0\10\363\0\0\0\2\3
 663      000AF200 
 663      000003F8 
 663      00000000 
 663      CE000000 
 664 0fe5 30000000 		.ascii "0\0\0\0/\220\0\0\0\14\361\0\0\0\5\367\0\0\0\0v\357\377\366x\213\366\0\6\366\0\6\366\0\6\36
 664      2F900000 
 664      000CF100 
 664      000005F7 
 664      00000000 
 665 10a1 35F54F90 		.ascii "5\365O\220\0\0\0O\220\0\0\0O\220\0\0\0O\220\0\0\0O\221\256\373 O\256\373\317\341O\374\20\1
 665      0000004F 
 665      90000000 
 665      4F900000 
 665      004F9000 
 666 11c2 30000000 		.ascii "0\0\0\0\0\257"
 666      00AF
 667 11c8 3000002F 		.ascii "0\0\0/\377\377\377\377\360\31\231\337\251\231\200\0\0\257"
 667      FFFFFFFF 
 667      F01999DF 
 667      A9998000 
 667      00AF
 668 11da 30000000 		.ascii "0\0\0\0\0\257"
 668      00AF
GAS LISTING C:\Users\lsw\AppData\Local\Temp\ccCgNMtC.s 			page 15


 669 11e0 30000000 		.ascii "0\0\0\0\0\257"
 669      00AF
 670 11e6 30000000 		.ascii "0\0\0\0\0\257"
 670      00AF
 671 11ec 30000000 		.ascii "0\0\0\0\0\257"
 671      00AF
 672 11f2 30000000 		.ascii "0\0\0\0\0\257"
 672      00AF
 673 11f8 30000000 		.ascii "0\0\0\0\0\257"
 673      00AF
 674 11fe 30000000 		.ascii "0\0\0\0\\\377\377\377"
 674      5CFFFFFF 
 675 1206 308FD78E 		.ascii "0\217\327\216\376\262/\340\0/\320\4\371\0\0\337\20?\300\0\16\360\0\317\222;\370\0\15\377\3
 675      FEB22FE0 
 675      002FD004 
 675      F90000DF 
 675      103FC000 
 676 122a 3100008F 		.ascii "1\0\0\217P\0\0\0\5\377\252\251\203\0\15\377\377\377\371\12\367\0\0O\361\377\20\0\1\377\33\
 676      50000000 
 676      05FFAAA9 
 676      83000DFF 
 676      FFFFF90A 
 677 1386 3000FD00 		.ascii "0\0\375\0\6\376 \17\320\0\11\375\20\14\377\377@\0\6\210\337@\0\0\0\237@\0\0\0\237@\0\0\0\2
 677      06FE200F 
 677      D00009FD 
 677      100CFFFF 
 677      40000688 
 678 14fe 300009F5 		.ascii "0\0\11\365\317\20\0\11\365\277 \0\11\365\257P\0\36\365o\300\1\337\365\15\374\257\351\365\1
 678      CF100009 
 678      F5BF2000 
 678      09F5AF50 
 678      001EF56F 
 679 167d 3006F51F 		.ascii "0\6\365\37\240\16\340\10\363\17\300?\364\12\361\15\340\216\352\13\340\13\360\332\257\15\30
 679      A00EE008 
 679      F30FC03F 
 679      F40AF10D 
 679      E08EEA0B 
 680 16af 300AFA00 		.ascii "0\12\372\0\0o\320\1\357P\1\357"
 680      006FD001 
 680      EF5001EF 
 681 16bb 30003FE1 		.ascii "0\0?\341\13\366\0\0\10\372_\260\0\0\0\317\376\20\0\0\0O\366\0\0\0\0\317\376\20\0\0\11\371\
 681      0BF60000 
 681      08FA5FB0 
 681      000000CF 
 681      FE100000 
 682 16e8 3002FF40 		.ascii "0\2\377@\15\370\0\0o\341\37\361\0\0\16\361\13\366\0\0O\260\4\374\0\0\257P\0\337"
 682      0DF80000 
 682      6FE11FF1 
 682      00000EF1 
 682      0BF60000 
 683 1706 3000FE00 		.ascii "0\0\376\0\0\177\220\5\371\0\0\37\360\13\362\0\0\12\365\37\300\0\0\3\373\177`\0\0\0\337\337
 683      007F9005 
 683      F900001F 
 683      F00BF200 
 683      000AF51F 
 684 1748 30000000 		.ascii "0\0\0\0\37\377\377\377\361\11\231\231\277\340\0\0\0\337@\0\0\11\370\0\0\0_\300\0\0\2\376\2
 684      1FFFFFFF 
GAS LISTING C:\Users\lsw\AppData\Local\Temp\ccCgNMtC.s 			page 16


 684      F1099999 
 684      BFE00000 
 684      00DF4000 
 685 1770 9F800000 		.ascii "\237\200\0\0\5\374\0\0\0\37\373\231\231\224?\377\377\377\367\0\0\31\357\240\0\14\375\225\0
 685      05FC0000 
 685      001FFB99 
 685      99943FFF 
 685      FFFFF700 
 686 1a0e 300016CF 		.ascii "0\0\26\317\377\222\0\0\0\\\377\376\220_\376\201\0\0\0\0\0:\377\200\6@\0\0\0\0\0\0\0\5\0"
 686      FF920000 
 686      005CFFFE 
 686      905FFE81 
 686      00000000 
 687 1a31 00000000 		.text
 687      00000000 
 687      00000000 
 687      000000
 688              	.Letext0:
 689              		.file 1 "C:/mingw64/lib/gcc/x86_64-w64-mingw32/13.2.0/include/stdint-gcc.h"
 690              		.file 2 "../source/sgl_core.h"
 691              		.file 3 "../source/sgl_ascii_consolas24.c"
 692              		.section	.debug_info,"dr"
 693              	.Ldebug_info0:
 694 0000 6B040000 		.long	0x46b
 695 0004 0500     		.word	0x5
 696 0006 01       		.byte	0x1
 697 0007 08       		.byte	0x8
 698 0008 00000000 		.secrel32	.Ldebug_abbrev0
 699 000c 0B       		.uleb128 0xb
 700 000d 474E5520 		.ascii "GNU C99 13.2.0 -mtune=core2 -march=nocona -g -O2 -std=c99 -ffunction-sections -fdata-secti
 700      43393920 
 700      31332E32 
 700      2E30202D 
 700      6D74756E 
 701 007a 0C       		.byte	0xc
 702 007b 00000000 		.secrel32	.LASF0
 703 007f 21000000 		.secrel32	.LASF1
 704 0083 00000000 		.secrel32	.Ldebug_line0
 705 0087 04       		.uleb128 0x4
 706 0088 696E7438 		.ascii "int8_t\0"
 706      5F7400
 707 008f 22       		.byte	0x22
 708 0090 17       		.byte	0x17
 709 0091 9A000000 		.long	0x9a
 710 0095 02       		.uleb128 0x2
 711 0096 87000000 		.long	0x87
 712 009a 03       		.uleb128 0x3
 713 009b 01       		.byte	0x1
 714 009c 06       		.byte	0x6
 715 009d 7369676E 		.ascii "signed char\0"
 715      65642063 
 715      68617200 
 716 00a9 04       		.uleb128 0x4
 717 00aa 696E7431 		.ascii "int16_t\0"
 717      365F7400 
 718 00b2 25       		.byte	0x25
 719 00b3 18       		.byte	0x18
GAS LISTING C:\Users\lsw\AppData\Local\Temp\ccCgNMtC.s 			page 17


 720 00b4 BD000000 		.long	0xbd
 721 00b8 02       		.uleb128 0x2
 722 00b9 A9000000 		.long	0xa9
 723 00bd 03       		.uleb128 0x3
 724 00be 02       		.byte	0x2
 725 00bf 05       		.byte	0x5
 726 00c0 73686F72 		.ascii "short int\0"
 726      7420696E 
 726      7400
 727 00ca 03       		.uleb128 0x3
 728 00cb 04       		.byte	0x4
 729 00cc 05       		.byte	0x5
 730 00cd 696E7400 		.ascii "int\0"
 731 00d1 03       		.uleb128 0x3
 732 00d2 08       		.byte	0x8
 733 00d3 05       		.byte	0x5
 734 00d4 6C6F6E67 		.ascii "long long int\0"
 734      206C6F6E 
 734      6720696E 
 734      7400
 735 00e2 04       		.uleb128 0x4
 736 00e3 75696E74 		.ascii "uint8_t\0"
 736      385F7400 
 737 00eb 2E       		.byte	0x2e
 738 00ec 18       		.byte	0x18
 739 00ed F6000000 		.long	0xf6
 740 00f1 02       		.uleb128 0x2
 741 00f2 E2000000 		.long	0xe2
 742 00f6 03       		.uleb128 0x3
 743 00f7 01       		.byte	0x1
 744 00f8 08       		.byte	0x8
 745 00f9 756E7369 		.ascii "unsigned char\0"
 745      676E6564 
 745      20636861 
 745      7200
 746 0107 04       		.uleb128 0x4
 747 0108 75696E74 		.ascii "uint16_t\0"
 747      31365F74 
 747      00
 748 0111 31       		.byte	0x31
 749 0112 19       		.byte	0x19
 750 0113 1C010000 		.long	0x11c
 751 0117 02       		.uleb128 0x2
 752 0118 07010000 		.long	0x107
 753 011c 03       		.uleb128 0x3
 754 011d 02       		.byte	0x2
 755 011e 07       		.byte	0x7
 756 011f 73686F72 		.ascii "short unsigned int\0"
 756      7420756E 
 756      7369676E 
 756      65642069 
 756      6E7400
 757 0132 04       		.uleb128 0x4
 758 0133 75696E74 		.ascii "uint32_t\0"
 758      33325F74 
 758      00
 759 013c 34       		.byte	0x34
GAS LISTING C:\Users\lsw\AppData\Local\Temp\ccCgNMtC.s 			page 18


 760 013d 19       		.byte	0x19
 761 013e 47010000 		.long	0x147
 762 0142 02       		.uleb128 0x2
 763 0143 32010000 		.long	0x132
 764 0147 03       		.uleb128 0x3
 765 0148 04       		.byte	0x4
 766 0149 07       		.byte	0x7
 767 014a 756E7369 		.ascii "unsigned int\0"
 767      676E6564 
 767      20696E74 
 767      00
 768 0157 03       		.uleb128 0x3
 769 0158 08       		.byte	0x8
 770 0159 07       		.byte	0x7
 771 015a 6C6F6E67 		.ascii "long long unsigned int\0"
 771      206C6F6E 
 771      6720756E 
 771      7369676E 
 771      65642069 
 772 0171 03       		.uleb128 0x3
 773 0172 01       		.byte	0x1
 774 0173 06       		.byte	0x6
 775 0174 63686172 		.ascii "char\0"
 775      00
 776 0179 03       		.uleb128 0x3
 777 017a 04       		.byte	0x4
 778 017b 05       		.byte	0x5
 779 017c 6C6F6E67 		.ascii "long int\0"
 779      20696E74 
 779      00
 780 0185 05       		.uleb128 0x5
 781 0186 F1000000 		.long	0xf1
 782 018a 07       		.uleb128 0x7
 783 018b 73676C5F 		.ascii "sgl_font_table\0"
 783      666F6E74 
 783      5F746162 
 783      6C6500
 784 019a 08       		.byte	0x8
 785 019b 8302     		.word	0x283
 786 019d 03020000 		.long	0x203
 787 01a1 01       		.uleb128 0x1
 788 01a2 6269746D 		.ascii "bitmap_index\0"
 788      61705F69 
 788      6E646578 
 788      00
 789 01af 8502     		.word	0x285
 790 01b1 14       		.byte	0x14
 791 01b2 17010000 		.long	0x117
 792 01b6 00       		.byte	0
 793 01b7 01       		.uleb128 0x1
 794 01b8 6164765F 		.ascii "adv_w\0"
 794      7700
 795 01be 8602     		.word	0x286
 796 01c0 14       		.byte	0x14
 797 01c1 17010000 		.long	0x117
 798 01c5 02       		.byte	0x2
 799 01c6 01       		.uleb128 0x1
GAS LISTING C:\Users\lsw\AppData\Local\Temp\ccCgNMtC.s 			page 19


 800 01c7 626F785F 		.ascii "box_h\0"
 800      6800
 801 01cd 8702     		.word	0x287
 802 01cf 14       		.byte	0x14
 803 01d0 F1000000 		.long	0xf1
 804 01d4 04       		.byte	0x4
 805 01d5 01       		.uleb128 0x1
 806 01d6 626F785F 		.ascii "box_w\0"
 806      7700
 807 01dc 8802     		.word	0x288
 808 01de 14       		.byte	0x14
 809 01df F1000000 		.long	0xf1
 810 01e3 05       		.byte	0x5
 811 01e4 01       		.uleb128 0x1
 812 01e5 6F66735F 		.ascii "ofs_x\0"
 812      7800
 813 01eb 8902     		.word	0x289
 814 01ed 14       		.byte	0x14
 815 01ee 95000000 		.long	0x95
 816 01f2 06       		.byte	0x6
 817 01f3 01       		.uleb128 0x1
 818 01f4 6F66735F 		.ascii "ofs_y\0"
 818      7900
 819 01fa 8A02     		.word	0x28a
 820 01fc 14       		.byte	0x14
 821 01fd 95000000 		.long	0x95
 822 0201 07       		.byte	0x7
 823 0202 00       		.byte	0
 824 0203 08       		.uleb128 0x8
 825 0204 73676C5F 		.ascii "sgl_font_table_t\0"
 825      666F6E74 
 825      5F746162 
 825      6C655F74 
 825      00
 826 0215 9302     		.word	0x293
 827 0217 8A010000 		.long	0x18a
 828 021b 02       		.uleb128 0x2
 829 021c 03020000 		.long	0x203
 830 0220 07       		.uleb128 0x7
 831 0221 73676C5F 		.ascii "sgl_font_unicode\0"
 831      666F6E74 
 831      5F756E69 
 831      636F6465 
 831      00
 832 0232 18       		.byte	0x18
 833 0233 9D02     		.word	0x29d
 834 0235 79020000 		.long	0x279
 835 0239 01       		.uleb128 0x1
 836 023a 6F666673 		.ascii "offset\0"
 836      657400
 837 0241 9E02     		.word	0x29e
 838 0243 14       		.byte	0x14
 839 0244 42010000 		.long	0x142
 840 0248 00       		.byte	0
 841 0249 01       		.uleb128 0x1
 842 024a 6C656E00 		.ascii "len\0"
 843 024e 9F02     		.word	0x29f
GAS LISTING C:\Users\lsw\AppData\Local\Temp\ccCgNMtC.s 			page 20


 844 0250 14       		.byte	0x14
 845 0251 42010000 		.long	0x142
 846 0255 04       		.byte	0x4
 847 0256 01       		.uleb128 0x1
 848 0257 6C697374 		.ascii "list\0"
 848      00
 849 025c A002     		.word	0x2a0
 850 025e 15       		.byte	0x15
 851 025f 79020000 		.long	0x279
 852 0263 08       		.byte	0x8
 853 0264 01       		.uleb128 0x1
 854 0265 7461625F 		.ascii "tab_offset\0"
 854      6F666673 
 854      657400
 855 0270 A102     		.word	0x2a1
 856 0272 14       		.byte	0x14
 857 0273 42010000 		.long	0x142
 858 0277 10       		.byte	0x10
 859 0278 00       		.byte	0
 860 0279 05       		.uleb128 0x5
 861 027a 42010000 		.long	0x142
 862 027e 08       		.uleb128 0x8
 863 027f 73676C5F 		.ascii "sgl_font_unicode_t\0"
 863      666F6E74 
 863      5F756E69 
 863      636F6465 
 863      5F7400
 864 0292 A202     		.word	0x2a2
 865 0294 20020000 		.long	0x220
 866 0298 02       		.uleb128 0x2
 867 0299 7E020000 		.long	0x27e
 868 029d 07       		.uleb128 0x7
 869 029e 73676C5F 		.ascii "sgl_font\0"
 869      666F6E74 
 869      00
 870 02a7 28       		.byte	0x28
 871 02a8 B302     		.word	0x2b3
 872 02aa 54030000 		.long	0x354
 873 02ae 01       		.uleb128 0x1
 874 02af 6269746D 		.ascii "bitmap\0"
 874      617000
 875 02b6 B402     		.word	0x2b4
 876 02b8 15       		.byte	0x15
 877 02b9 85010000 		.long	0x185
 878 02bd 00       		.byte	0
 879 02be 01       		.uleb128 0x1
 880 02bf 7461626C 		.ascii "table\0"
 880      6500
 881 02c5 B502     		.word	0x2b5
 882 02c7 1E       		.byte	0x1e
 883 02c8 54030000 		.long	0x354
 884 02cc 08       		.byte	0x8
 885 02cd 01       		.uleb128 0x1
 886 02ce 666F6E74 		.ascii "font_table_size\0"
 886      5F746162 
 886      6C655F73 
 886      697A6500 
GAS LISTING C:\Users\lsw\AppData\Local\Temp\ccCgNMtC.s 			page 21


 887 02de B602     		.word	0x2b6
 888 02e0 15       		.byte	0x15
 889 02e1 17010000 		.long	0x117
 890 02e5 10       		.byte	0x10
 891 02e6 01       		.uleb128 0x1
 892 02e7 666F6E74 		.ascii "font_height\0"
 892      5F686569 
 892      67687400 
 893 02f3 B702     		.word	0x2b7
 894 02f5 15       		.byte	0x15
 895 02f6 17010000 		.long	0x117
 896 02fa 12       		.byte	0x12
 897 02fb 01       		.uleb128 0x1
 898 02fc 756E6963 		.ascii "unicode\0"
 898      6F646500 
 899 0304 B802     		.word	0x2b8
 900 0306 1F       		.byte	0x1f
 901 0307 59030000 		.long	0x359
 902 030b 18       		.byte	0x18
 903 030c 01       		.uleb128 0x1
 904 030d 756E6963 		.ascii "unicode_num\0"
 904      6F64655F 
 904      6E756D00 
 905 0319 B902     		.word	0x2b9
 906 031b 15       		.byte	0x15
 907 031c 42010000 		.long	0x142
 908 0320 20       		.byte	0x20
 909 0321 01       		.uleb128 0x1
 910 0322 62617365 		.ascii "base_line\0"
 910      5F6C696E 
 910      6500
 911 032c BA02     		.word	0x2ba
 912 032e 15       		.byte	0x15
 913 032f B8000000 		.long	0xb8
 914 0333 24       		.byte	0x24
 915 0334 01       		.uleb128 0x1
 916 0335 62707000 		.ascii "bpp\0"
 917 0339 BB02     		.word	0x2bb
 918 033b 15       		.byte	0x15
 919 033c F1000000 		.long	0xf1
 920 0340 26       		.byte	0x26
 921 0341 01       		.uleb128 0x1
 922 0342 636F6D70 		.ascii "compress\0"
 922      72657373 
 922      00
 923 034b BC02     		.word	0x2bc
 924 034d 15       		.byte	0x15
 925 034e F1000000 		.long	0xf1
 926 0352 27       		.byte	0x27
 927 0353 00       		.byte	0
 928 0354 05       		.uleb128 0x5
 929 0355 1B020000 		.long	0x21b
 930 0359 05       		.uleb128 0x5
 931 035a 98020000 		.long	0x298
 932 035e 08       		.uleb128 0x8
 933 035f 73676C5F 		.ascii "sgl_font_t\0"
 933      666F6E74 
GAS LISTING C:\Users\lsw\AppData\Local\Temp\ccCgNMtC.s 			page 22


 933      5F7400
 934 036a BD02     		.word	0x2bd
 935 036c 9D020000 		.long	0x29d
 936 0370 02       		.uleb128 0x2
 937 0371 5E030000 		.long	0x35e
 938 0375 06       		.uleb128 0x6
 939 0376 F1000000 		.long	0xf1
 940 037a 86030000 		.long	0x386
 941 037e 0C       		.uleb128 0xc
 942 037f 57010000 		.long	0x157
 943 0383 301A     		.word	0x1a30
 944 0385 00       		.byte	0
 945 0386 02       		.uleb128 0x2
 946 0387 75030000 		.long	0x375
 947 038b 0D       		.uleb128 0xd
 948 038c 676C7970 		.ascii "glyph_bitmap\0"
 948      685F6269 
 948      746D6170 
 948      00
 949 0399 03       		.byte	0x3
 950 039a 22       		.byte	0x22
 951 039b 17       		.byte	0x17
 952 039c 86030000 		.long	0x386
 953 03a0 09       		.uleb128 0x9
 954 03a1 03       		.byte	0x3
 955 03a2 00000000 		.quad	glyph_bitmap
 955      00000000 
 956 03aa 06       		.uleb128 0x6
 957 03ab 1B020000 		.long	0x21b
 958 03af BA030000 		.long	0x3ba
 959 03b3 09       		.uleb128 0x9
 960 03b4 57010000 		.long	0x157
 961 03b8 62       		.byte	0x62
 962 03b9 00       		.byte	0
 963 03ba 02       		.uleb128 0x2
 964 03bb AA030000 		.long	0x3aa
 965 03bf 0A       		.uleb128 0xa
 966 03c0 636F6E73 		.ascii "consolas24_tab\0"
 966      6F6C6173 
 966      32345F74 
 966      616200
 967 03cf 5B04     		.word	0x45b
 968 03d1 1F       		.byte	0x1f
 969 03d2 BA030000 		.long	0x3ba
 970 03d6 09       		.uleb128 0x9
 971 03d7 03       		.byte	0x3
 972 03d8 00000000 		.quad	consolas24_tab
 972      00000000 
 973 03e0 06       		.uleb128 0x6
 974 03e1 42010000 		.long	0x142
 975 03e5 F0030000 		.long	0x3f0
 976 03e9 09       		.uleb128 0x9
 977 03ea 57010000 		.long	0x157
 978 03ee 01       		.byte	0x1
 979 03ef 00       		.byte	0
 980 03f0 02       		.uleb128 0x2
 981 03f1 E0030000 		.long	0x3e0
GAS LISTING C:\Users\lsw\AppData\Local\Temp\ccCgNMtC.s 			page 23


 982 03f5 0A       		.uleb128 0xa
 983 03f6 756E6963 		.ascii "unicode_list_1\0"
 983      6F64655F 
 983      6C697374 
 983      5F3100
 984 0405 C104     		.word	0x4c1
 985 0407 17       		.byte	0x17
 986 0408 F0030000 		.long	0x3f0
 987 040c 09       		.uleb128 0x9
 988 040d 03       		.byte	0x3
 989 040e 00000000 		.quad	unicode_list_1
 989      00000000 
 990 0416 06       		.uleb128 0x6
 991 0417 98020000 		.long	0x298
 992 041b 26040000 		.long	0x426
 993 041f 09       		.uleb128 0x9
 994 0420 57010000 		.long	0x157
 995 0424 01       		.byte	0x1
 996 0425 00       		.byte	0
 997 0426 02       		.uleb128 0x2
 998 0427 16040000 		.long	0x416
 999 042b 0A       		.uleb128 0xa
 1000 042c 636F6E73 		.ascii "consolas24_unicode\0"
 1000      6F6C6173 
 1000      32345F75 
 1000      6E69636F 
 1000      646500
 1001 043f C504     		.word	0x4c5
 1002 0441 21       		.byte	0x21
 1003 0442 26040000 		.long	0x426
 1004 0446 09       		.uleb128 0x9
 1005 0447 03       		.byte	0x3
 1006 0448 00000000 		.quad	consolas24_unicode
 1006      00000000 
 1007 0450 0E       		.uleb128 0xe
 1008 0451 636F6E73 		.ascii "consolas24\0"
 1008      6F6C6173 
 1008      323400
 1009 045c 03       		.byte	0x3
 1010 045d CB04     		.word	0x4cb
 1011 045f 12       		.byte	0x12
 1012 0460 70030000 		.long	0x370
 1013 0464 09       		.uleb128 0x9
 1014 0465 03       		.byte	0x3
 1015 0466 00000000 		.quad	consolas24
 1015      00000000 
 1016 046e 00       		.byte	0
 1017              		.section	.debug_abbrev,"dr"
 1018              	.Ldebug_abbrev0:
 1019 0000 01       		.uleb128 0x1
 1020 0001 0D       		.uleb128 0xd
 1021 0002 00       		.byte	0
 1022 0003 03       		.uleb128 0x3
 1023 0004 08       		.uleb128 0x8
 1024 0005 3A       		.uleb128 0x3a
 1025 0006 21       		.uleb128 0x21
 1026 0007 02       		.sleb128 2
GAS LISTING C:\Users\lsw\AppData\Local\Temp\ccCgNMtC.s 			page 24


 1027 0008 3B       		.uleb128 0x3b
 1028 0009 05       		.uleb128 0x5
 1029 000a 39       		.uleb128 0x39
 1030 000b 0B       		.uleb128 0xb
 1031 000c 49       		.uleb128 0x49
 1032 000d 13       		.uleb128 0x13
 1033 000e 38       		.uleb128 0x38
 1034 000f 0B       		.uleb128 0xb
 1035 0010 00       		.byte	0
 1036 0011 00       		.byte	0
 1037 0012 02       		.uleb128 0x2
 1038 0013 26       		.uleb128 0x26
 1039 0014 00       		.byte	0
 1040 0015 49       		.uleb128 0x49
 1041 0016 13       		.uleb128 0x13
 1042 0017 00       		.byte	0
 1043 0018 00       		.byte	0
 1044 0019 03       		.uleb128 0x3
 1045 001a 24       		.uleb128 0x24
 1046 001b 00       		.byte	0
 1047 001c 0B       		.uleb128 0xb
 1048 001d 0B       		.uleb128 0xb
 1049 001e 3E       		.uleb128 0x3e
 1050 001f 0B       		.uleb128 0xb
 1051 0020 03       		.uleb128 0x3
 1052 0021 08       		.uleb128 0x8
 1053 0022 00       		.byte	0
 1054 0023 00       		.byte	0
 1055 0024 04       		.uleb128 0x4
 1056 0025 16       		.uleb128 0x16
 1057 0026 00       		.byte	0
 1058 0027 03       		.uleb128 0x3
 1059 0028 08       		.uleb128 0x8
 1060 0029 3A       		.uleb128 0x3a
 1061 002a 21       		.uleb128 0x21
 1062 002b 01       		.sleb128 1
 1063 002c 3B       		.uleb128 0x3b
 1064 002d 0B       		.uleb128 0xb
 1065 002e 39       		.uleb128 0x39
 1066 002f 0B       		.uleb128 0xb
 1067 0030 49       		.uleb128 0x49
 1068 0031 13       		.uleb128 0x13
 1069 0032 00       		.byte	0
 1070 0033 00       		.byte	0
 1071 0034 05       		.uleb128 0x5
 1072 0035 0F       		.uleb128 0xf
 1073 0036 00       		.byte	0
 1074 0037 0B       		.uleb128 0xb
 1075 0038 21       		.uleb128 0x21
 1076 0039 08       		.sleb128 8
 1077 003a 49       		.uleb128 0x49
 1078 003b 13       		.uleb128 0x13
 1079 003c 00       		.byte	0
 1080 003d 00       		.byte	0
 1081 003e 06       		.uleb128 0x6
 1082 003f 01       		.uleb128 0x1
 1083 0040 01       		.byte	0x1
GAS LISTING C:\Users\lsw\AppData\Local\Temp\ccCgNMtC.s 			page 25


 1084 0041 49       		.uleb128 0x49
 1085 0042 13       		.uleb128 0x13
 1086 0043 01       		.uleb128 0x1
 1087 0044 13       		.uleb128 0x13
 1088 0045 00       		.byte	0
 1089 0046 00       		.byte	0
 1090 0047 07       		.uleb128 0x7
 1091 0048 13       		.uleb128 0x13
 1092 0049 01       		.byte	0x1
 1093 004a 03       		.uleb128 0x3
 1094 004b 08       		.uleb128 0x8
 1095 004c 0B       		.uleb128 0xb
 1096 004d 0B       		.uleb128 0xb
 1097 004e 3A       		.uleb128 0x3a
 1098 004f 21       		.uleb128 0x21
 1099 0050 02       		.sleb128 2
 1100 0051 3B       		.uleb128 0x3b
 1101 0052 05       		.uleb128 0x5
 1102 0053 39       		.uleb128 0x39
 1103 0054 21       		.uleb128 0x21
 1104 0055 10       		.sleb128 16
 1105 0056 01       		.uleb128 0x1
 1106 0057 13       		.uleb128 0x13
 1107 0058 00       		.byte	0
 1108 0059 00       		.byte	0
 1109 005a 08       		.uleb128 0x8
 1110 005b 16       		.uleb128 0x16
 1111 005c 00       		.byte	0
 1112 005d 03       		.uleb128 0x3
 1113 005e 08       		.uleb128 0x8
 1114 005f 3A       		.uleb128 0x3a
 1115 0060 21       		.uleb128 0x21
 1116 0061 02       		.sleb128 2
 1117 0062 3B       		.uleb128 0x3b
 1118 0063 05       		.uleb128 0x5
 1119 0064 39       		.uleb128 0x39
 1120 0065 21       		.uleb128 0x21
 1121 0066 03       		.sleb128 3
 1122 0067 49       		.uleb128 0x49
 1123 0068 13       		.uleb128 0x13
 1124 0069 00       		.byte	0
 1125 006a 00       		.byte	0
 1126 006b 09       		.uleb128 0x9
 1127 006c 21       		.uleb128 0x21
 1128 006d 00       		.byte	0
 1129 006e 49       		.uleb128 0x49
 1130 006f 13       		.uleb128 0x13
 1131 0070 2F       		.uleb128 0x2f
 1132 0071 0B       		.uleb128 0xb
 1133 0072 00       		.byte	0
 1134 0073 00       		.byte	0
 1135 0074 0A       		.uleb128 0xa
 1136 0075 34       		.uleb128 0x34
 1137 0076 00       		.byte	0
 1138 0077 03       		.uleb128 0x3
 1139 0078 08       		.uleb128 0x8
 1140 0079 3A       		.uleb128 0x3a
GAS LISTING C:\Users\lsw\AppData\Local\Temp\ccCgNMtC.s 			page 26


 1141 007a 21       		.uleb128 0x21
 1142 007b 03       		.sleb128 3
 1143 007c 3B       		.uleb128 0x3b
 1144 007d 05       		.uleb128 0x5
 1145 007e 39       		.uleb128 0x39
 1146 007f 0B       		.uleb128 0xb
 1147 0080 49       		.uleb128 0x49
 1148 0081 13       		.uleb128 0x13
 1149 0082 02       		.uleb128 0x2
 1150 0083 18       		.uleb128 0x18
 1151 0084 00       		.byte	0
 1152 0085 00       		.byte	0
 1153 0086 0B       		.uleb128 0xb
 1154 0087 11       		.uleb128 0x11
 1155 0088 01       		.byte	0x1
 1156 0089 25       		.uleb128 0x25
 1157 008a 08       		.uleb128 0x8
 1158 008b 13       		.uleb128 0x13
 1159 008c 0B       		.uleb128 0xb
 1160 008d 03       		.uleb128 0x3
 1161 008e 1F       		.uleb128 0x1f
 1162 008f 1B       		.uleb128 0x1b
 1163 0090 1F       		.uleb128 0x1f
 1164 0091 10       		.uleb128 0x10
 1165 0092 17       		.uleb128 0x17
 1166 0093 00       		.byte	0
 1167 0094 00       		.byte	0
 1168 0095 0C       		.uleb128 0xc
 1169 0096 21       		.uleb128 0x21
 1170 0097 00       		.byte	0
 1171 0098 49       		.uleb128 0x49
 1172 0099 13       		.uleb128 0x13
 1173 009a 2F       		.uleb128 0x2f
 1174 009b 05       		.uleb128 0x5
 1175 009c 00       		.byte	0
 1176 009d 00       		.byte	0
 1177 009e 0D       		.uleb128 0xd
 1178 009f 34       		.uleb128 0x34
 1179 00a0 00       		.byte	0
 1180 00a1 03       		.uleb128 0x3
 1181 00a2 08       		.uleb128 0x8
 1182 00a3 3A       		.uleb128 0x3a
 1183 00a4 0B       		.uleb128 0xb
 1184 00a5 3B       		.uleb128 0x3b
 1185 00a6 0B       		.uleb128 0xb
 1186 00a7 39       		.uleb128 0x39
 1187 00a8 0B       		.uleb128 0xb
 1188 00a9 49       		.uleb128 0x49
 1189 00aa 13       		.uleb128 0x13
 1190 00ab 02       		.uleb128 0x2
 1191 00ac 18       		.uleb128 0x18
 1192 00ad 00       		.byte	0
 1193 00ae 00       		.byte	0
 1194 00af 0E       		.uleb128 0xe
 1195 00b0 34       		.uleb128 0x34
 1196 00b1 00       		.byte	0
 1197 00b2 03       		.uleb128 0x3
GAS LISTING C:\Users\lsw\AppData\Local\Temp\ccCgNMtC.s 			page 27


 1198 00b3 08       		.uleb128 0x8
 1199 00b4 3A       		.uleb128 0x3a
 1200 00b5 0B       		.uleb128 0xb
 1201 00b6 3B       		.uleb128 0x3b
 1202 00b7 05       		.uleb128 0x5
 1203 00b8 39       		.uleb128 0x39
 1204 00b9 0B       		.uleb128 0xb
 1205 00ba 49       		.uleb128 0x49
 1206 00bb 13       		.uleb128 0x13
 1207 00bc 3F       		.uleb128 0x3f
 1208 00bd 19       		.uleb128 0x19
 1209 00be 02       		.uleb128 0x2
 1210 00bf 18       		.uleb128 0x18
 1211 00c0 00       		.byte	0
 1212 00c1 00       		.byte	0
 1213 00c2 00       		.byte	0
 1214              		.section	.debug_aranges,"dr"
 1215 0000 1C000000 		.long	0x1c
 1216 0004 0200     		.word	0x2
 1217 0006 00000000 		.secrel32	.Ldebug_info0
 1218 000a 08       		.byte	0x8
 1219 000b 00       		.byte	0
 1220 000c 0000     		.word	0
 1221 000e 0000     		.word	0
 1222 0010 00000000 		.quad	0
 1222      00000000 
 1223 0018 00000000 		.quad	0
 1223      00000000 
 1224              		.section	.debug_line,"dr"
 1225              	.Ldebug_line0:
 1226 0000 44000000 		.section	.debug_str,"dr"
 1226      05000800 
 1226      3C000000 
 1226      010101FB 
 1226      0E0D0001 
 1227              		.section	.debug_line_str,"dr"
 1228              	.LASF0:
 1229 0000 2E2E2F73 		.ascii "../source/sgl_ascii_consolas24.c\0"
 1229      6F757263 
 1229      652F7367 
 1229      6C5F6173 
 1229      6369695F 
 1230              	.LASF1:
 1231 0021 433A5C55 		.ascii "C:\\Users\\lsw\\Desktop\\sgl-lite\\demo\0"
 1231      73657273 
 1231      5C6C7377 
 1231      5C446573 
 1231      6B746F70 
 1232 0044 433A2F55 		.ident	"GCC: (x86_64-posix-seh-rev0, Built by MinGW-Builds project) 13.2.0"
 1232      73657273 
 1232      2F6C7377 
 1232      2F446573 
 1232      6B746F70 
GAS LISTING C:\Users\lsw\AppData\Local\Temp\ccCgNMtC.s 			page 28


DEFINED SYMBOLS
                            *ABS*:0000000000000000 sgl_ascii_consolas24.c
C:\Users\lsw\AppData\Local\Temp\ccCgNMtC.s:9      .rdata$consolas24:0000000000000000 consolas24
C:\Users\lsw\AppData\Local\Temp\ccCgNMtC.s:637    .rdata$glyph_bitmap:0000000000000000 glyph_bitmap
C:\Users\lsw\AppData\Local\Temp\ccCgNMtC.s:40     .rdata$consolas24_tab:0000000000000000 consolas24_tab
C:\Users\lsw\AppData\Local\Temp\ccCgNMtC.s:22     .rdata$consolas24_unicode:0000000000000000 consolas24_unicode
C:\Users\lsw\AppData\Local\Temp\ccCgNMtC.s:35     .rdata$unicode_list_1:0000000000000000 unicode_list_1

NO UNDEFINED SYMBOLS
